The system is: Darwin - 19.4.0 - x86_64
Compiling the C compiler identification source file "CMakeCCompilerId.c" succeeded.
Compiler: /usr/local/bin/gcc-10 
Build flags: 
Id flags:  

The output was:
0


Compilation of the C compiler identification source "CMakeCCompilerId.c" produced "a.out"

The C compiler identification is GNU, found in "/Users/ethan/Dropbox/dotfiles/Projects/algorithm/leetcode/array/0.9/1480-running-sum-of-1d-array/cmake-build-debug/CMakeFiles/3.16.5/CompilerIdC/a.out"

Compiling the CXX compiler identification source file "CMakeCXXCompilerId.cpp" succeeded.
Compiler: /usr/local/bin/g++-10 
Build flags: 
Id flags:  

The output was:
0


Compilation of the CXX compiler identification source "CMakeCXXCompilerId.cpp" produced "a.out"

The CXX compiler identification is GNU, found in "/Users/ethan/Dropbox/dotfiles/Projects/algorithm/leetcode/array/0.9/1480-running-sum-of-1d-array/cmake-build-debug/CMakeFiles/3.16.5/CompilerIdCXX/a.out"

Determining if the C compiler works passed with the following output:
Change Dir: /Users/ethan/Dropbox/dotfiles/Projects/algorithm/leetcode/array/0.9/1480-running-sum-of-1d-array/cmake-build-debug/CMakeFiles/CMakeTmp

Run Build Command(s):/usr/bin/make cmTC_64067/fast && /Applications/Xcode.app/Contents/Developer/usr/bin/make -f CMakeFiles/cmTC_64067.dir/build.make CMakeFiles/cmTC_64067.dir/build
Building C object CMakeFiles/cmTC_64067.dir/testCCompiler.c.o
/usr/local/bin/gcc-10   -isysroot /Applications/Xcode.app/Contents/Developer/Platforms/MacOSX.platform/Developer/SDKs/MacOSX10.15.sdk   -o CMakeFiles/cmTC_64067.dir/testCCompiler.c.o   -c /Users/ethan/Dropbox/dotfiles/Projects/algorithm/leetcode/array/0.9/1480-running-sum-of-1d-array/cmake-build-debug/CMakeFiles/CMakeTmp/testCCompiler.c
Linking C executable cmTC_64067
/Applications/CLion.app/Contents/bin/cmake/mac/bin/cmake -E cmake_link_script CMakeFiles/cmTC_64067.dir/link.txt --verbose=1
/usr/local/bin/gcc-10   -isysroot /Applications/Xcode.app/Contents/Developer/Platforms/MacOSX.platform/Developer/SDKs/MacOSX10.15.sdk -Wl,-search_paths_first -Wl,-headerpad_max_install_names -L/usr/local/opt/ruby/lib  CMakeFiles/cmTC_64067.dir/testCCompiler.c.o  -o cmTC_64067 



Detecting C compiler ABI info compiled with the following output:
Change Dir: /Users/ethan/Dropbox/dotfiles/Projects/algorithm/leetcode/array/0.9/1480-running-sum-of-1d-array/cmake-build-debug/CMakeFiles/CMakeTmp

Run Build Command(s):/usr/bin/make cmTC_a097e/fast && /Applications/Xcode.app/Contents/Developer/usr/bin/make -f CMakeFiles/cmTC_a097e.dir/build.make CMakeFiles/cmTC_a097e.dir/build
Building C object CMakeFiles/cmTC_a097e.dir/CMakeCCompilerABI.c.o
/usr/local/bin/gcc-10   -isysroot /Applications/Xcode.app/Contents/Developer/Platforms/MacOSX.platform/Developer/SDKs/MacOSX10.15.sdk   -v -Wl,-v -o CMakeFiles/cmTC_a097e.dir/CMakeCCompilerABI.c.o   -c /Applications/CLion.app/Contents/bin/cmake/mac/share/cmake-3.16/Modules/CMakeCCompilerABI.c
Using built-in specs.
COLLECT_GCC=/usr/local/bin/gcc-10
Target: x86_64-apple-darwin19
Configured with: ../configure --build=x86_64-apple-darwin19 --prefix=/usr/local/Cellar/gcc/10.1.0 --libdir=/usr/local/Cellar/gcc/10.1.0/lib/gcc/10 --disable-nls --enable-checking=release --enable-languages=c,c++,objc,obj-c++,fortran --program-suffix=-10 --with-gmp=/usr/local/opt/gmp --with-mpfr=/usr/local/opt/mpfr --with-mpc=/usr/local/opt/libmpc --with-isl=/usr/local/opt/isl --with-system-zlib --with-pkgversion='Homebrew GCC 10.1.0' --with-bugurl=https://github.com/Homebrew/homebrew-core/issues --disable-multilib --with-native-system-header-dir=/usr/include --with-sysroot=/Library/Developer/CommandLineTools/SDKs/MacOSX10.15.sdk SED=/usr/bin/sed
Thread model: posix
Supported LTO compression algorithms: zlib
gcc version 10.1.0 (Homebrew GCC 10.1.0) 
COLLECT_GCC_OPTIONS='-isysroot' '/Applications/Xcode.app/Contents/Developer/Platforms/MacOSX.platform/Developer/SDKs/MacOSX10.15.sdk' '-v' '-o' 'CMakeFiles/cmTC_a097e.dir/CMakeCCompilerABI.c.o' '-c' '-mmacosx-version-min=10.15.0' '-asm_macosx_version_min=10.15' '-mtune=core2'
 /usr/local/Cellar/gcc/10.1.0/libexec/gcc/x86_64-apple-darwin19/10.1.0/cc1 -quiet -v -D__DYNAMIC__ -isysroot /Applications/Xcode.app/Contents/Developer/Platforms/MacOSX.platform/Developer/SDKs/MacOSX10.15.sdk /Applications/CLion.app/Contents/bin/cmake/mac/share/cmake-3.16/Modules/CMakeCCompilerABI.c -fPIC -quiet -dumpbase CMakeCCompilerABI.c -mmacosx-version-min=10.15.0 -mtune=core2 -auxbase-strip CMakeFiles/cmTC_a097e.dir/CMakeCCompilerABI.c.o -version -o /var/folders/g5/dkxpcd4j0cz9jsqz208s45qh0000gn/T//ccocF3lR.s
GNU C17 (Homebrew GCC 10.1.0) version 10.1.0 (x86_64-apple-darwin19)
	compiled by GNU C version 10.1.0, GMP version 6.2.0, MPFR version 4.0.2, MPC version 1.1.0, isl version isl-0.22.1-GMP

GGC heuristics: --param ggc-min-expand=100 --param ggc-min-heapsize=131072
ignoring nonexistent directory "/Applications/Xcode.app/Contents/Developer/Platforms/MacOSX.platform/Developer/SDKs/MacOSX10.15.sdk/usr/local/include"
ignoring nonexistent directory "/usr/local/Cellar/gcc/10.1.0/lib/gcc/10/gcc/x86_64-apple-darwin19/10.1.0/../../../../../../x86_64-apple-darwin19/include"
ignoring nonexistent directory "/Applications/Xcode.app/Contents/Developer/Platforms/MacOSX.platform/Developer/SDKs/MacOSX10.15.sdk/Library/Frameworks"
#include "..." search starts here:
#include <...> search starts here:
 /usr/local/Cellar/gcc/10.1.0/lib/gcc/10/gcc/x86_64-apple-darwin19/10.1.0/include
 /usr/local/Cellar/gcc/10.1.0/lib/gcc/10/gcc/x86_64-apple-darwin19/10.1.0/include-fixed
 /Applications/Xcode.app/Contents/Developer/Platforms/MacOSX.platform/Developer/SDKs/MacOSX10.15.sdk/usr/include
 /Applications/Xcode.app/Contents/Developer/Platforms/MacOSX.platform/Developer/SDKs/MacOSX10.15.sdk/System/Library/Frameworks
End of search list.
GNU C17 (Homebrew GCC 10.1.0) version 10.1.0 (x86_64-apple-darwin19)
	compiled by GNU C version 10.1.0, GMP version 6.2.0, MPFR version 4.0.2, MPC version 1.1.0, isl version isl-0.22.1-GMP

GGC heuristics: --param ggc-min-expand=100 --param ggc-min-heapsize=131072
Compiler executable checksum: 422709fd86310ca0f24d53aad8834b36
COLLECT_GCC_OPTIONS='-isysroot' '/Applications/Xcode.app/Contents/Developer/Platforms/MacOSX.platform/Developer/SDKs/MacOSX10.15.sdk' '-v' '-o' 'CMakeFiles/cmTC_a097e.dir/CMakeCCompilerABI.c.o' '-c' '-mmacosx-version-min=10.15.0'  '-mtune=core2'
 as -arch x86_64 -v -force_cpusubtype_ALL -mmacosx-version-min=10.15 -o CMakeFiles/cmTC_a097e.dir/CMakeCCompilerABI.c.o /var/folders/g5/dkxpcd4j0cz9jsqz208s45qh0000gn/T//ccocF3lR.s
Apple clang version 11.0.3 (clang-1103.0.32.59)
Target: x86_64-apple-darwin19.4.0
Thread model: posix
InstalledDir: /Applications/Xcode.app/Contents/Developer/Toolchains/XcodeDefault.xctoolchain/usr/bin
 "/Applications/Xcode.app/Contents/Developer/Toolchains/XcodeDefault.xctoolchain/usr/bin/clang" -cc1as -triple x86_64-apple-macosx10.15.0 -filetype obj -main-file-name ccocF3lR.s -target-cpu penryn -fdebug-compilation-dir /Users/ethan/Dropbox/dotfiles/Projects/algorithm/leetcode/array/0.9/1480-running-sum-of-1d-array/cmake-build-debug/CMakeFiles/CMakeTmp -dwarf-debug-producer "Apple clang version 11.0.3 (clang-1103.0.32.59)" -dwarf-version=4 -mrelocation-model pic -o CMakeFiles/cmTC_a097e.dir/CMakeCCompilerABI.c.o /var/folders/g5/dkxpcd4j0cz9jsqz208s45qh0000gn/T//ccocF3lR.s
COMPILER_PATH=/usr/local/Cellar/gcc/10.1.0/libexec/gcc/x86_64-apple-darwin19/10.1.0/:/usr/local/Cellar/gcc/10.1.0/libexec/gcc/x86_64-apple-darwin19/10.1.0/:/usr/local/Cellar/gcc/10.1.0/libexec/gcc/x86_64-apple-darwin19/:/usr/local/Cellar/gcc/10.1.0/lib/gcc/10/gcc/x86_64-apple-darwin19/10.1.0/:/usr/local/Cellar/gcc/10.1.0/lib/gcc/10/gcc/x86_64-apple-darwin19/
LIBRARY_PATH=/usr/local/Cellar/gcc/10.1.0/lib/gcc/10/gcc/x86_64-apple-darwin19/10.1.0/:/usr/local/Cellar/gcc/10.1.0/lib/gcc/10/gcc/x86_64-apple-darwin19/10.1.0/../../../
COLLECT_GCC_OPTIONS='-isysroot' '/Applications/Xcode.app/Contents/Developer/Platforms/MacOSX.platform/Developer/SDKs/MacOSX10.15.sdk' '-v' '-o' 'CMakeFiles/cmTC_a097e.dir/CMakeCCompilerABI.c.o' '-c' '-mmacosx-version-min=10.15.0'  '-mtune=core2'
Linking C executable cmTC_a097e
/Applications/CLion.app/Contents/bin/cmake/mac/bin/cmake -E cmake_link_script CMakeFiles/cmTC_a097e.dir/link.txt --verbose=1
/usr/local/bin/gcc-10   -isysroot /Applications/Xcode.app/Contents/Developer/Platforms/MacOSX.platform/Developer/SDKs/MacOSX10.15.sdk -Wl,-search_paths_first -Wl,-headerpad_max_install_names -L/usr/local/opt/ruby/lib -v -Wl,-v CMakeFiles/cmTC_a097e.dir/CMakeCCompilerABI.c.o  -o cmTC_a097e 
Using built-in specs.
COLLECT_GCC=/usr/local/bin/gcc-10
COLLECT_LTO_WRAPPER=/usr/local/Cellar/gcc/10.1.0/libexec/gcc/x86_64-apple-darwin19/10.1.0/lto-wrapper
Target: x86_64-apple-darwin19
Configured with: ../configure --build=x86_64-apple-darwin19 --prefix=/usr/local/Cellar/gcc/10.1.0 --libdir=/usr/local/Cellar/gcc/10.1.0/lib/gcc/10 --disable-nls --enable-checking=release --enable-languages=c,c++,objc,obj-c++,fortran --program-suffix=-10 --with-gmp=/usr/local/opt/gmp --with-mpfr=/usr/local/opt/mpfr --with-mpc=/usr/local/opt/libmpc --with-isl=/usr/local/opt/isl --with-system-zlib --with-pkgversion='Homebrew GCC 10.1.0' --with-bugurl=https://github.com/Homebrew/homebrew-core/issues --disable-multilib --with-native-system-header-dir=/usr/include --with-sysroot=/Library/Developer/CommandLineTools/SDKs/MacOSX10.15.sdk SED=/usr/bin/sed
Thread model: posix
Supported LTO compression algorithms: zlib
gcc version 10.1.0 (Homebrew GCC 10.1.0) 
COMPILER_PATH=/usr/local/Cellar/gcc/10.1.0/libexec/gcc/x86_64-apple-darwin19/10.1.0/:/usr/local/Cellar/gcc/10.1.0/libexec/gcc/x86_64-apple-darwin19/10.1.0/:/usr/local/Cellar/gcc/10.1.0/libexec/gcc/x86_64-apple-darwin19/:/usr/local/Cellar/gcc/10.1.0/lib/gcc/10/gcc/x86_64-apple-darwin19/10.1.0/:/usr/local/Cellar/gcc/10.1.0/lib/gcc/10/gcc/x86_64-apple-darwin19/
LIBRARY_PATH=/usr/local/Cellar/gcc/10.1.0/lib/gcc/10/gcc/x86_64-apple-darwin19/10.1.0/:/usr/local/Cellar/gcc/10.1.0/lib/gcc/10/gcc/x86_64-apple-darwin19/10.1.0/../../../
COLLECT_GCC_OPTIONS='-isysroot' '/Applications/Xcode.app/Contents/Developer/Platforms/MacOSX.platform/Developer/SDKs/MacOSX10.15.sdk' '-L/usr/local/opt/ruby/lib' '-v' '-o' 'cmTC_a097e' '-mmacosx-version-min=10.15.0' '-asm_macosx_version_min=10.15' '-mtune=core2'
 /usr/local/Cellar/gcc/10.1.0/libexec/gcc/x86_64-apple-darwin19/10.1.0/collect2 -dynamic -arch x86_64 -macosx_version_min 10.15.0 -syslibroot /Applications/Xcode.app/Contents/Developer/Platforms/MacOSX.platform/Developer/SDKs/MacOSX10.15.sdk -weak_reference_mismatches non-weak -o cmTC_a097e -L/usr/local/opt/ruby/lib -L/usr/local/Cellar/gcc/10.1.0/lib/gcc/10/gcc/x86_64-apple-darwin19/10.1.0 -L/usr/local/Cellar/gcc/10.1.0/lib/gcc/10/gcc/x86_64-apple-darwin19/10.1.0/../../.. -search_paths_first -headerpad_max_install_names -v CMakeFiles/cmTC_a097e.dir/CMakeCCompilerABI.c.o -lSystem -lgcc_ext.10.5 -lgcc -lSystem -no_compact_unwind -v
collect2 version 10.1.0
/usr/bin/ld -dynamic -arch x86_64 -macosx_version_min 10.15.0 -syslibroot /Applications/Xcode.app/Contents/Developer/Platforms/MacOSX.platform/Developer/SDKs/MacOSX10.15.sdk -weak_reference_mismatches non-weak -o cmTC_a097e -L/usr/local/opt/ruby/lib -L/usr/local/Cellar/gcc/10.1.0/lib/gcc/10/gcc/x86_64-apple-darwin19/10.1.0 -L/usr/local/Cellar/gcc/10.1.0/lib/gcc/10/gcc/x86_64-apple-darwin19/10.1.0/../../.. -search_paths_first -headerpad_max_install_names -v CMakeFiles/cmTC_a097e.dir/CMakeCCompilerABI.c.o -lSystem -lgcc_ext.10.5 -lgcc -lSystem -no_compact_unwind -v
@(#)PROGRAM:ld  PROJECT:ld64-556.6
BUILD 13:10:29 Apr  7 2020
configured to support archs: armv6 armv7 armv7s arm64 arm64e arm64_32 i386 x86_64 x86_64h armv6m armv7k armv7m armv7em
@(#)PROGRAM:ld  PROJECT:ld64-556.6
BUILD 13:10:29 Apr  7 2020
configured to support archs: armv6 armv7 armv7s arm64 arm64e arm64_32 i386 x86_64 x86_64h armv6m armv7k armv7m armv7em
Library search paths:
	/usr/local/opt/ruby/lib
	/usr/local/Cellar/gcc/10.1.0/lib/gcc/10/gcc/x86_64-apple-darwin19/10.1.0
	/usr/local/Cellar/gcc/10.1.0/lib/gcc/10
	/Applications/Xcode.app/Contents/Developer/Platforms/MacOSX.platform/Developer/SDKs/MacOSX10.15.sdk/usr/lib
Framework search paths:
	/Applications/Xcode.app/Contents/Developer/Platforms/MacOSX.platform/Developer/SDKs/MacOSX10.15.sdk/System/Library/Frameworks/



Parsed C implicit include dir info from above output: rv=done
  found start of include info
  found start of implicit include info
    add: [/usr/local/Cellar/gcc/10.1.0/lib/gcc/10/gcc/x86_64-apple-darwin19/10.1.0/include]
    add: [/usr/local/Cellar/gcc/10.1.0/lib/gcc/10/gcc/x86_64-apple-darwin19/10.1.0/include-fixed]
    add: [/Applications/Xcode.app/Contents/Developer/Platforms/MacOSX.platform/Developer/SDKs/MacOSX10.15.sdk/usr/include]
    add: [/Applications/Xcode.app/Contents/Developer/Platforms/MacOSX.platform/Developer/SDKs/MacOSX10.15.sdk/System/Library/Frameworks]
  end of search list found
  collapse include dir [/usr/local/Cellar/gcc/10.1.0/lib/gcc/10/gcc/x86_64-apple-darwin19/10.1.0/include] ==> [/usr/local/Cellar/gcc/10.1.0/lib/gcc/10/gcc/x86_64-apple-darwin19/10.1.0/include]
  collapse include dir [/usr/local/Cellar/gcc/10.1.0/lib/gcc/10/gcc/x86_64-apple-darwin19/10.1.0/include-fixed] ==> [/usr/local/Cellar/gcc/10.1.0/lib/gcc/10/gcc/x86_64-apple-darwin19/10.1.0/include-fixed]
  collapse include dir [/Applications/Xcode.app/Contents/Developer/Platforms/MacOSX.platform/Developer/SDKs/MacOSX10.15.sdk/usr/include] ==> [/Applications/Xcode.app/Contents/Developer/Platforms/MacOSX.platform/Developer/SDKs/MacOSX10.15.sdk/usr/include]
  collapse include dir [/Applications/Xcode.app/Contents/Developer/Platforms/MacOSX.platform/Developer/SDKs/MacOSX10.15.sdk/System/Library/Frameworks] ==> [/Applications/Xcode.app/Contents/Developer/Platforms/MacOSX.platform/Developer/SDKs/MacOSX10.15.sdk/System/Library/Frameworks]
  implicit include dirs: [/usr/local/Cellar/gcc/10.1.0/lib/gcc/10/gcc/x86_64-apple-darwin19/10.1.0/include;/usr/local/Cellar/gcc/10.1.0/lib/gcc/10/gcc/x86_64-apple-darwin19/10.1.0/include-fixed;/Applications/Xcode.app/Contents/Developer/Platforms/MacOSX.platform/Developer/SDKs/MacOSX10.15.sdk/usr/include;/Applications/Xcode.app/Contents/Developer/Platforms/MacOSX.platform/Developer/SDKs/MacOSX10.15.sdk/System/Library/Frameworks]


Parsed C implicit link information from above output:
  link line regex: [^( *|.*[/\])(ld|CMAKE_LINK_STARTFILE-NOTFOUND|([^/\]+-)?ld|collect2)[^/\]*( |$)]
  ignore line: [Change Dir: /Users/ethan/Dropbox/dotfiles/Projects/algorithm/leetcode/array/0.9/1480-running-sum-of-1d-array/cmake-build-debug/CMakeFiles/CMakeTmp]
  ignore line: []
  ignore line: [Run Build Command(s):/usr/bin/make cmTC_a097e/fast && /Applications/Xcode.app/Contents/Developer/usr/bin/make -f CMakeFiles/cmTC_a097e.dir/build.make CMakeFiles/cmTC_a097e.dir/build]
  ignore line: [Building C object CMakeFiles/cmTC_a097e.dir/CMakeCCompilerABI.c.o]
  ignore line: [/usr/local/bin/gcc-10   -isysroot /Applications/Xcode.app/Contents/Developer/Platforms/MacOSX.platform/Developer/SDKs/MacOSX10.15.sdk   -v -Wl -v -o CMakeFiles/cmTC_a097e.dir/CMakeCCompilerABI.c.o   -c /Applications/CLion.app/Contents/bin/cmake/mac/share/cmake-3.16/Modules/CMakeCCompilerABI.c]
  ignore line: [Using built-in specs.]
  ignore line: [COLLECT_GCC=/usr/local/bin/gcc-10]
  ignore line: [Target: x86_64-apple-darwin19]
  ignore line: [Configured with: ../configure --build=x86_64-apple-darwin19 --prefix=/usr/local/Cellar/gcc/10.1.0 --libdir=/usr/local/Cellar/gcc/10.1.0/lib/gcc/10 --disable-nls --enable-checking=release --enable-languages=c c++ objc obj-c++ fortran --program-suffix=-10 --with-gmp=/usr/local/opt/gmp --with-mpfr=/usr/local/opt/mpfr --with-mpc=/usr/local/opt/libmpc --with-isl=/usr/local/opt/isl --with-system-zlib --with-pkgversion='Homebrew GCC 10.1.0' --with-bugurl=https://github.com/Homebrew/homebrew-core/issues --disable-multilib --with-native-system-header-dir=/usr/include --with-sysroot=/Library/Developer/CommandLineTools/SDKs/MacOSX10.15.sdk SED=/usr/bin/sed]
  ignore line: [Thread model: posix]
  ignore line: [Supported LTO compression algorithms: zlib]
  ignore line: [gcc version 10.1.0 (Homebrew GCC 10.1.0) ]
  ignore line: [COLLECT_GCC_OPTIONS='-isysroot' '/Applications/Xcode.app/Contents/Developer/Platforms/MacOSX.platform/Developer/SDKs/MacOSX10.15.sdk' '-v' '-o' 'CMakeFiles/cmTC_a097e.dir/CMakeCCompilerABI.c.o' '-c' '-mmacosx-version-min=10.15.0' '-asm_macosx_version_min=10.15' '-mtune=core2']
  ignore line: [ /usr/local/Cellar/gcc/10.1.0/libexec/gcc/x86_64-apple-darwin19/10.1.0/cc1 -quiet -v -D__DYNAMIC__ -isysroot /Applications/Xcode.app/Contents/Developer/Platforms/MacOSX.platform/Developer/SDKs/MacOSX10.15.sdk /Applications/CLion.app/Contents/bin/cmake/mac/share/cmake-3.16/Modules/CMakeCCompilerABI.c -fPIC -quiet -dumpbase CMakeCCompilerABI.c -mmacosx-version-min=10.15.0 -mtune=core2 -auxbase-strip CMakeFiles/cmTC_a097e.dir/CMakeCCompilerABI.c.o -version -o /var/folders/g5/dkxpcd4j0cz9jsqz208s45qh0000gn/T//ccocF3lR.s]
  ignore line: [GNU C17 (Homebrew GCC 10.1.0) version 10.1.0 (x86_64-apple-darwin19)]
  ignore line: [	compiled by GNU C version 10.1.0  GMP version 6.2.0  MPFR version 4.0.2  MPC version 1.1.0  isl version isl-0.22.1-GMP]
  ignore line: []
  ignore line: [GGC heuristics: --param ggc-min-expand=100 --param ggc-min-heapsize=131072]
  ignore line: [ignoring nonexistent directory "/Applications/Xcode.app/Contents/Developer/Platforms/MacOSX.platform/Developer/SDKs/MacOSX10.15.sdk/usr/local/include"]
  ignore line: [ignoring nonexistent directory "/usr/local/Cellar/gcc/10.1.0/lib/gcc/10/gcc/x86_64-apple-darwin19/10.1.0/../../../../../../x86_64-apple-darwin19/include"]
  ignore line: [ignoring nonexistent directory "/Applications/Xcode.app/Contents/Developer/Platforms/MacOSX.platform/Developer/SDKs/MacOSX10.15.sdk/Library/Frameworks"]
  ignore line: [#include "..." search starts here:]
  ignore line: [#include <...> search starts here:]
  ignore line: [ /usr/local/Cellar/gcc/10.1.0/lib/gcc/10/gcc/x86_64-apple-darwin19/10.1.0/include]
  ignore line: [ /usr/local/Cellar/gcc/10.1.0/lib/gcc/10/gcc/x86_64-apple-darwin19/10.1.0/include-fixed]
  ignore line: [ /Applications/Xcode.app/Contents/Developer/Platforms/MacOSX.platform/Developer/SDKs/MacOSX10.15.sdk/usr/include]
  ignore line: [ /Applications/Xcode.app/Contents/Developer/Platforms/MacOSX.platform/Developer/SDKs/MacOSX10.15.sdk/System/Library/Frameworks]
  ignore line: [End of search list.]
  ignore line: [GNU C17 (Homebrew GCC 10.1.0) version 10.1.0 (x86_64-apple-darwin19)]
  ignore line: [	compiled by GNU C version 10.1.0  GMP version 6.2.0  MPFR version 4.0.2  MPC version 1.1.0  isl version isl-0.22.1-GMP]
  ignore line: []
  ignore line: [GGC heuristics: --param ggc-min-expand=100 --param ggc-min-heapsize=131072]
  ignore line: [Compiler executable checksum: 422709fd86310ca0f24d53aad8834b36]
  ignore line: [COLLECT_GCC_OPTIONS='-isysroot' '/Applications/Xcode.app/Contents/Developer/Platforms/MacOSX.platform/Developer/SDKs/MacOSX10.15.sdk' '-v' '-o' 'CMakeFiles/cmTC_a097e.dir/CMakeCCompilerABI.c.o' '-c' '-mmacosx-version-min=10.15.0'  '-mtune=core2']
  ignore line: [ as -arch x86_64 -v -force_cpusubtype_ALL -mmacosx-version-min=10.15 -o CMakeFiles/cmTC_a097e.dir/CMakeCCompilerABI.c.o /var/folders/g5/dkxpcd4j0cz9jsqz208s45qh0000gn/T//ccocF3lR.s]
  ignore line: [Apple clang version 11.0.3 (clang-1103.0.32.59)]
  ignore line: [Target: x86_64-apple-darwin19.4.0]
  ignore line: [Thread model: posix]
  ignore line: [InstalledDir: /Applications/Xcode.app/Contents/Developer/Toolchains/XcodeDefault.xctoolchain/usr/bin]
  ignore line: [ "/Applications/Xcode.app/Contents/Developer/Toolchains/XcodeDefault.xctoolchain/usr/bin/clang" -cc1as -triple x86_64-apple-macosx10.15.0 -filetype obj -main-file-name ccocF3lR.s -target-cpu penryn -fdebug-compilation-dir /Users/ethan/Dropbox/dotfiles/Projects/algorithm/leetcode/array/0.9/1480-running-sum-of-1d-array/cmake-build-debug/CMakeFiles/CMakeTmp -dwarf-debug-producer "Apple clang version 11.0.3 (clang-1103.0.32.59)" -dwarf-version=4 -mrelocation-model pic -o CMakeFiles/cmTC_a097e.dir/CMakeCCompilerABI.c.o /var/folders/g5/dkxpcd4j0cz9jsqz208s45qh0000gn/T//ccocF3lR.s]
  ignore line: [COMPILER_PATH=/usr/local/Cellar/gcc/10.1.0/libexec/gcc/x86_64-apple-darwin19/10.1.0/:/usr/local/Cellar/gcc/10.1.0/libexec/gcc/x86_64-apple-darwin19/10.1.0/:/usr/local/Cellar/gcc/10.1.0/libexec/gcc/x86_64-apple-darwin19/:/usr/local/Cellar/gcc/10.1.0/lib/gcc/10/gcc/x86_64-apple-darwin19/10.1.0/:/usr/local/Cellar/gcc/10.1.0/lib/gcc/10/gcc/x86_64-apple-darwin19/]
  ignore line: [LIBRARY_PATH=/usr/local/Cellar/gcc/10.1.0/lib/gcc/10/gcc/x86_64-apple-darwin19/10.1.0/:/usr/local/Cellar/gcc/10.1.0/lib/gcc/10/gcc/x86_64-apple-darwin19/10.1.0/../../../]
  ignore line: [COLLECT_GCC_OPTIONS='-isysroot' '/Applications/Xcode.app/Contents/Developer/Platforms/MacOSX.platform/Developer/SDKs/MacOSX10.15.sdk' '-v' '-o' 'CMakeFiles/cmTC_a097e.dir/CMakeCCompilerABI.c.o' '-c' '-mmacosx-version-min=10.15.0'  '-mtune=core2']
  ignore line: [Linking C executable cmTC_a097e]
  ignore line: [/Applications/CLion.app/Contents/bin/cmake/mac/bin/cmake -E cmake_link_script CMakeFiles/cmTC_a097e.dir/link.txt --verbose=1]
  ignore line: [/usr/local/bin/gcc-10   -isysroot /Applications/Xcode.app/Contents/Developer/Platforms/MacOSX.platform/Developer/SDKs/MacOSX10.15.sdk -Wl -search_paths_first -Wl -headerpad_max_install_names -L/usr/local/opt/ruby/lib -v -Wl -v CMakeFiles/cmTC_a097e.dir/CMakeCCompilerABI.c.o  -o cmTC_a097e ]
  ignore line: [Using built-in specs.]
  ignore line: [COLLECT_GCC=/usr/local/bin/gcc-10]
  ignore line: [COLLECT_LTO_WRAPPER=/usr/local/Cellar/gcc/10.1.0/libexec/gcc/x86_64-apple-darwin19/10.1.0/lto-wrapper]
  ignore line: [Target: x86_64-apple-darwin19]
  ignore line: [Configured with: ../configure --build=x86_64-apple-darwin19 --prefix=/usr/local/Cellar/gcc/10.1.0 --libdir=/usr/local/Cellar/gcc/10.1.0/lib/gcc/10 --disable-nls --enable-checking=release --enable-languages=c c++ objc obj-c++ fortran --program-suffix=-10 --with-gmp=/usr/local/opt/gmp --with-mpfr=/usr/local/opt/mpfr --with-mpc=/usr/local/opt/libmpc --with-isl=/usr/local/opt/isl --with-system-zlib --with-pkgversion='Homebrew GCC 10.1.0' --with-bugurl=https://github.com/Homebrew/homebrew-core/issues --disable-multilib --with-native-system-header-dir=/usr/include --with-sysroot=/Library/Developer/CommandLineTools/SDKs/MacOSX10.15.sdk SED=/usr/bin/sed]
  ignore line: [Thread model: posix]
  ignore line: [Supported LTO compression algorithms: zlib]
  ignore line: [gcc version 10.1.0 (Homebrew GCC 10.1.0) ]
  ignore line: [COMPILER_PATH=/usr/local/Cellar/gcc/10.1.0/libexec/gcc/x86_64-apple-darwin19/10.1.0/:/usr/local/Cellar/gcc/10.1.0/libexec/gcc/x86_64-apple-darwin19/10.1.0/:/usr/local/Cellar/gcc/10.1.0/libexec/gcc/x86_64-apple-darwin19/:/usr/local/Cellar/gcc/10.1.0/lib/gcc/10/gcc/x86_64-apple-darwin19/10.1.0/:/usr/local/Cellar/gcc/10.1.0/lib/gcc/10/gcc/x86_64-apple-darwin19/]
  ignore line: [LIBRARY_PATH=/usr/local/Cellar/gcc/10.1.0/lib/gcc/10/gcc/x86_64-apple-darwin19/10.1.0/:/usr/local/Cellar/gcc/10.1.0/lib/gcc/10/gcc/x86_64-apple-darwin19/10.1.0/../../../]
  ignore line: [COLLECT_GCC_OPTIONS='-isysroot' '/Applications/Xcode.app/Contents/Developer/Platforms/MacOSX.platform/Developer/SDKs/MacOSX10.15.sdk' '-L/usr/local/opt/ruby/lib' '-v' '-o' 'cmTC_a097e' '-mmacosx-version-min=10.15.0' '-asm_macosx_version_min=10.15' '-mtune=core2']
  link line: [ /usr/local/Cellar/gcc/10.1.0/libexec/gcc/x86_64-apple-darwin19/10.1.0/collect2 -dynamic -arch x86_64 -macosx_version_min 10.15.0 -syslibroot /Applications/Xcode.app/Contents/Developer/Platforms/MacOSX.platform/Developer/SDKs/MacOSX10.15.sdk -weak_reference_mismatches non-weak -o cmTC_a097e -L/usr/local/opt/ruby/lib -L/usr/local/Cellar/gcc/10.1.0/lib/gcc/10/gcc/x86_64-apple-darwin19/10.1.0 -L/usr/local/Cellar/gcc/10.1.0/lib/gcc/10/gcc/x86_64-apple-darwin19/10.1.0/../../.. -search_paths_first -headerpad_max_install_names -v CMakeFiles/cmTC_a097e.dir/CMakeCCompilerABI.c.o -lSystem -lgcc_ext.10.5 -lgcc -lSystem -no_compact_unwind -v]
    arg [/usr/local/Cellar/gcc/10.1.0/libexec/gcc/x86_64-apple-darwin19/10.1.0/collect2] ==> ignore
    arg [-dynamic] ==> ignore
    arg [-arch] ==> ignore
    arg [x86_64] ==> ignore
    arg [-macosx_version_min] ==> ignore
    arg [10.15.0] ==> ignore
    arg [-syslibroot] ==> ignore
    arg [/Applications/Xcode.app/Contents/Developer/Platforms/MacOSX.platform/Developer/SDKs/MacOSX10.15.sdk] ==> ignore
    arg [-weak_reference_mismatches] ==> ignore
    arg [non-weak] ==> ignore
    arg [-o] ==> ignore
    arg [cmTC_a097e] ==> ignore
    arg [-L/usr/local/opt/ruby/lib] ==> dir [/usr/local/opt/ruby/lib]
    arg [-L/usr/local/Cellar/gcc/10.1.0/lib/gcc/10/gcc/x86_64-apple-darwin19/10.1.0] ==> dir [/usr/local/Cellar/gcc/10.1.0/lib/gcc/10/gcc/x86_64-apple-darwin19/10.1.0]
    arg [-L/usr/local/Cellar/gcc/10.1.0/lib/gcc/10/gcc/x86_64-apple-darwin19/10.1.0/../../..] ==> dir [/usr/local/Cellar/gcc/10.1.0/lib/gcc/10/gcc/x86_64-apple-darwin19/10.1.0/../../..]
    arg [-search_paths_first] ==> ignore
    arg [-headerpad_max_install_names] ==> ignore
    arg [-v] ==> ignore
    arg [CMakeFiles/cmTC_a097e.dir/CMakeCCompilerABI.c.o] ==> ignore
    arg [-lSystem] ==> lib [System]
    arg [-lgcc_ext.10.5] ==> lib [gcc_ext.10.5]
    arg [-lgcc] ==> lib [gcc]
    arg [-lSystem] ==> lib [System]
    arg [-no_compact_unwind] ==> ignore
    arg [-v] ==> ignore
  Library search paths: [;/usr/local/opt/ruby/lib;/usr/local/Cellar/gcc/10.1.0/lib/gcc/10/gcc/x86_64-apple-darwin19/10.1.0;/usr/local/Cellar/gcc/10.1.0/lib/gcc/10;/Applications/Xcode.app/Contents/Developer/Platforms/MacOSX.platform/Developer/SDKs/MacOSX10.15.sdk/usr/lib]
  Framework search paths: [;/Applications/Xcode.app/Contents/Developer/Platforms/MacOSX.platform/Developer/SDKs/MacOSX10.15.sdk/System/Library/Frameworks/]
  remove lib [System]
  remove lib [System]
  collapse library dir [/usr/local/opt/ruby/lib] ==> [/usr/local/opt/ruby/lib]
  collapse library dir [/usr/local/Cellar/gcc/10.1.0/lib/gcc/10/gcc/x86_64-apple-darwin19/10.1.0] ==> [/usr/local/Cellar/gcc/10.1.0/lib/gcc/10/gcc/x86_64-apple-darwin19/10.1.0]
  collapse library dir [/usr/local/Cellar/gcc/10.1.0/lib/gcc/10/gcc/x86_64-apple-darwin19/10.1.0/../../..] ==> [/usr/local/Cellar/gcc/10.1.0/lib/gcc/10]
  collapse library dir [/usr/local/opt/ruby/lib] ==> [/usr/local/opt/ruby/lib]
  collapse library dir [/usr/local/Cellar/gcc/10.1.0/lib/gcc/10/gcc/x86_64-apple-darwin19/10.1.0] ==> [/usr/local/Cellar/gcc/10.1.0/lib/gcc/10/gcc/x86_64-apple-darwin19/10.1.0]
  collapse library dir [/usr/local/Cellar/gcc/10.1.0/lib/gcc/10] ==> [/usr/local/Cellar/gcc/10.1.0/lib/gcc/10]
  collapse library dir [/Applications/Xcode.app/Contents/Developer/Platforms/MacOSX.platform/Developer/SDKs/MacOSX10.15.sdk/usr/lib] ==> [/Applications/Xcode.app/Contents/Developer/Platforms/MacOSX.platform/Developer/SDKs/MacOSX10.15.sdk/usr/lib]
  collapse framework dir [/Applications/Xcode.app/Contents/Developer/Platforms/MacOSX.platform/Developer/SDKs/MacOSX10.15.sdk/System/Library/Frameworks/] ==> [/Applications/Xcode.app/Contents/Developer/Platforms/MacOSX.platform/Developer/SDKs/MacOSX10.15.sdk/System/Library/Frameworks]
  implicit libs: [gcc_ext.10.5;gcc]
  implicit dirs: [/usr/local/opt/ruby/lib;/usr/local/Cellar/gcc/10.1.0/lib/gcc/10/gcc/x86_64-apple-darwin19/10.1.0;/usr/local/Cellar/gcc/10.1.0/lib/gcc/10;/Applications/Xcode.app/Contents/Developer/Platforms/MacOSX.platform/Developer/SDKs/MacOSX10.15.sdk/usr/lib]
  implicit fwks: [/Applications/Xcode.app/Contents/Developer/Platforms/MacOSX.platform/Developer/SDKs/MacOSX10.15.sdk/System/Library/Frameworks]


Determining if the CXX compiler works passed with the following output:
Change Dir: /Users/ethan/Dropbox/dotfiles/Projects/algorithm/leetcode/array/0.9/1480-running-sum-of-1d-array/cmake-build-debug/CMakeFiles/CMakeTmp

Run Build Command(s):/usr/bin/make cmTC_be969/fast && /Applications/Xcode.app/Contents/Developer/usr/bin/make -f CMakeFiles/cmTC_be969.dir/build.make CMakeFiles/cmTC_be969.dir/build
Building CXX object CMakeFiles/cmTC_be969.dir/testCXXCompiler.cxx.o
/usr/local/bin/g++-10    -isysroot /Applications/Xcode.app/Contents/Developer/Platforms/MacOSX.platform/Developer/SDKs/MacOSX10.15.sdk   -o CMakeFiles/cmTC_be969.dir/testCXXCompiler.cxx.o -c /Users/ethan/Dropbox/dotfiles/Projects/algorithm/leetcode/array/0.9/1480-running-sum-of-1d-array/cmake-build-debug/CMakeFiles/CMakeTmp/testCXXCompiler.cxx
Linking CXX executable cmTC_be969
/Applications/CLion.app/Contents/bin/cmake/mac/bin/cmake -E cmake_link_script CMakeFiles/cmTC_be969.dir/link.txt --verbose=1
/usr/local/bin/g++-10    -isysroot /Applications/Xcode.app/Contents/Developer/Platforms/MacOSX.platform/Developer/SDKs/MacOSX10.15.sdk -Wl,-search_paths_first -Wl,-headerpad_max_install_names -L/usr/local/opt/ruby/lib  CMakeFiles/cmTC_be969.dir/testCXXCompiler.cxx.o  -o cmTC_be969 



Detecting CXX compiler ABI info compiled with the following output:
Change Dir: /Users/ethan/Dropbox/dotfiles/Projects/algorithm/leetcode/array/0.9/1480-running-sum-of-1d-array/cmake-build-debug/CMakeFiles/CMakeTmp

Run Build Command(s):/usr/bin/make cmTC_113e3/fast && /Applications/Xcode.app/Contents/Developer/usr/bin/make -f CMakeFiles/cmTC_113e3.dir/build.make CMakeFiles/cmTC_113e3.dir/build
Building CXX object CMakeFiles/cmTC_113e3.dir/CMakeCXXCompilerABI.cpp.o
/usr/local/bin/g++-10    -isysroot /Applications/Xcode.app/Contents/Developer/Platforms/MacOSX.platform/Developer/SDKs/MacOSX10.15.sdk   -v -Wl,-v -o CMakeFiles/cmTC_113e3.dir/CMakeCXXCompilerABI.cpp.o -c /Applications/CLion.app/Contents/bin/cmake/mac/share/cmake-3.16/Modules/CMakeCXXCompilerABI.cpp
Using built-in specs.
COLLECT_GCC=/usr/local/bin/g++-10
Target: x86_64-apple-darwin19
Configured with: ../configure --build=x86_64-apple-darwin19 --prefix=/usr/local/Cellar/gcc/10.1.0 --libdir=/usr/local/Cellar/gcc/10.1.0/lib/gcc/10 --disable-nls --enable-checking=release --enable-languages=c,c++,objc,obj-c++,fortran --program-suffix=-10 --with-gmp=/usr/local/opt/gmp --with-mpfr=/usr/local/opt/mpfr --with-mpc=/usr/local/opt/libmpc --with-isl=/usr/local/opt/isl --with-system-zlib --with-pkgversion='Homebrew GCC 10.1.0' --with-bugurl=https://github.com/Homebrew/homebrew-core/issues --disable-multilib --with-native-system-header-dir=/usr/include --with-sysroot=/Library/Developer/CommandLineTools/SDKs/MacOSX10.15.sdk SED=/usr/bin/sed
Thread model: posix
Supported LTO compression algorithms: zlib
gcc version 10.1.0 (Homebrew GCC 10.1.0) 
COLLECT_GCC_OPTIONS='-isysroot' '/Applications/Xcode.app/Contents/Developer/Platforms/MacOSX.platform/Developer/SDKs/MacOSX10.15.sdk' '-v' '-o' 'CMakeFiles/cmTC_113e3.dir/CMakeCXXCompilerABI.cpp.o' '-c' '-mmacosx-version-min=10.15.0' '-asm_macosx_version_min=10.15' '-shared-libgcc' '-mtune=core2'
 /usr/local/Cellar/gcc/10.1.0/libexec/gcc/x86_64-apple-darwin19/10.1.0/cc1plus -quiet -v -D__DYNAMIC__ -isysroot /Applications/Xcode.app/Contents/Developer/Platforms/MacOSX.platform/Developer/SDKs/MacOSX10.15.sdk /Applications/CLion.app/Contents/bin/cmake/mac/share/cmake-3.16/Modules/CMakeCXXCompilerABI.cpp -fPIC -quiet -dumpbase CMakeCXXCompilerABI.cpp -mmacosx-version-min=10.15.0 -mtune=core2 -auxbase-strip CMakeFiles/cmTC_113e3.dir/CMakeCXXCompilerABI.cpp.o -version -o /var/folders/g5/dkxpcd4j0cz9jsqz208s45qh0000gn/T//ccvRc8LO.s
GNU C++14 (Homebrew GCC 10.1.0) version 10.1.0 (x86_64-apple-darwin19)
	compiled by GNU C version 10.1.0, GMP version 6.2.0, MPFR version 4.0.2, MPC version 1.1.0, isl version isl-0.22.1-GMP

GGC heuristics: --param ggc-min-expand=100 --param ggc-min-heapsize=131072
ignoring nonexistent directory "/Applications/Xcode.app/Contents/Developer/Platforms/MacOSX.platform/Developer/SDKs/MacOSX10.15.sdk/usr/local/include"
ignoring nonexistent directory "/usr/local/Cellar/gcc/10.1.0/lib/gcc/10/gcc/x86_64-apple-darwin19/10.1.0/../../../../../../x86_64-apple-darwin19/include"
ignoring nonexistent directory "/Applications/Xcode.app/Contents/Developer/Platforms/MacOSX.platform/Developer/SDKs/MacOSX10.15.sdk/Library/Frameworks"
#include "..." search starts here:
#include <...> search starts here:
 /usr/local/Cellar/gcc/10.1.0/lib/gcc/10/gcc/x86_64-apple-darwin19/10.1.0/../../../../../../include/c++/10.1.0
 /usr/local/Cellar/gcc/10.1.0/lib/gcc/10/gcc/x86_64-apple-darwin19/10.1.0/../../../../../../include/c++/10.1.0/x86_64-apple-darwin19
 /usr/local/Cellar/gcc/10.1.0/lib/gcc/10/gcc/x86_64-apple-darwin19/10.1.0/../../../../../../include/c++/10.1.0/backward
 /usr/local/Cellar/gcc/10.1.0/lib/gcc/10/gcc/x86_64-apple-darwin19/10.1.0/include
 /usr/local/Cellar/gcc/10.1.0/lib/gcc/10/gcc/x86_64-apple-darwin19/10.1.0/include-fixed
 /Applications/Xcode.app/Contents/Developer/Platforms/MacOSX.platform/Developer/SDKs/MacOSX10.15.sdk/usr/include
 /Applications/Xcode.app/Contents/Developer/Platforms/MacOSX.platform/Developer/SDKs/MacOSX10.15.sdk/System/Library/Frameworks
End of search list.
GNU C++14 (Homebrew GCC 10.1.0) version 10.1.0 (x86_64-apple-darwin19)
	compiled by GNU C version 10.1.0, GMP version 6.2.0, MPFR version 4.0.2, MPC version 1.1.0, isl version isl-0.22.1-GMP

GGC heuristics: --param ggc-min-expand=100 --param ggc-min-heapsize=131072
Compiler executable checksum: 8ddfa74da8aded4c8d6c425ad77563e5
COLLECT_GCC_OPTIONS='-isysroot' '/Applications/Xcode.app/Contents/Developer/Platforms/MacOSX.platform/Developer/SDKs/MacOSX10.15.sdk' '-v' '-o' 'CMakeFiles/cmTC_113e3.dir/CMakeCXXCompilerABI.cpp.o' '-c' '-mmacosx-version-min=10.15.0'  '-shared-libgcc' '-mtune=core2'
 as -arch x86_64 -v -force_cpusubtype_ALL -mmacosx-version-min=10.15 -o CMakeFiles/cmTC_113e3.dir/CMakeCXXCompilerABI.cpp.o /var/folders/g5/dkxpcd4j0cz9jsqz208s45qh0000gn/T//ccvRc8LO.s
Apple clang version 11.0.3 (clang-1103.0.32.59)
Target: x86_64-apple-darwin19.4.0
Thread model: posix
InstalledDir: /Applications/Xcode.app/Contents/Developer/Toolchains/XcodeDefault.xctoolchain/usr/bin
 "/Applications/Xcode.app/Contents/Developer/Toolchains/XcodeDefault.xctoolchain/usr/bin/clang" -cc1as -triple x86_64-apple-macosx10.15.0 -filetype obj -main-file-name ccvRc8LO.s -target-cpu penryn -fdebug-compilation-dir /Users/ethan/Dropbox/dotfiles/Projects/algorithm/leetcode/array/0.9/1480-running-sum-of-1d-array/cmake-build-debug/CMakeFiles/CMakeTmp -dwarf-debug-producer "Apple clang version 11.0.3 (clang-1103.0.32.59)" -dwarf-version=4 -mrelocation-model pic -o CMakeFiles/cmTC_113e3.dir/CMakeCXXCompilerABI.cpp.o /var/folders/g5/dkxpcd4j0cz9jsqz208s45qh0000gn/T//ccvRc8LO.s
COMPILER_PATH=/usr/local/Cellar/gcc/10.1.0/libexec/gcc/x86_64-apple-darwin19/10.1.0/:/usr/local/Cellar/gcc/10.1.0/libexec/gcc/x86_64-apple-darwin19/10.1.0/:/usr/local/Cellar/gcc/10.1.0/libexec/gcc/x86_64-apple-darwin19/:/usr/local/Cellar/gcc/10.1.0/lib/gcc/10/gcc/x86_64-apple-darwin19/10.1.0/:/usr/local/Cellar/gcc/10.1.0/lib/gcc/10/gcc/x86_64-apple-darwin19/
LIBRARY_PATH=/usr/local/Cellar/gcc/10.1.0/lib/gcc/10/gcc/x86_64-apple-darwin19/10.1.0/:/usr/local/Cellar/gcc/10.1.0/lib/gcc/10/gcc/x86_64-apple-darwin19/10.1.0/../../../
COLLECT_GCC_OPTIONS='-isysroot' '/Applications/Xcode.app/Contents/Developer/Platforms/MacOSX.platform/Developer/SDKs/MacOSX10.15.sdk' '-v' '-o' 'CMakeFiles/cmTC_113e3.dir/CMakeCXXCompilerABI.cpp.o' '-c' '-mmacosx-version-min=10.15.0'  '-shared-libgcc' '-mtune=core2'
Linking CXX executable cmTC_113e3
/Applications/CLion.app/Contents/bin/cmake/mac/bin/cmake -E cmake_link_script CMakeFiles/cmTC_113e3.dir/link.txt --verbose=1
/usr/local/bin/g++-10    -isysroot /Applications/Xcode.app/Contents/Developer/Platforms/MacOSX.platform/Developer/SDKs/MacOSX10.15.sdk -Wl,-search_paths_first -Wl,-headerpad_max_install_names -L/usr/local/opt/ruby/lib -v -Wl,-v CMakeFiles/cmTC_113e3.dir/CMakeCXXCompilerABI.cpp.o  -o cmTC_113e3 
Using built-in specs.
COLLECT_GCC=/usr/local/bin/g++-10
COLLECT_LTO_WRAPPER=/usr/local/Cellar/gcc/10.1.0/libexec/gcc/x86_64-apple-darwin19/10.1.0/lto-wrapper
Target: x86_64-apple-darwin19
Configured with: ../configure --build=x86_64-apple-darwin19 --prefix=/usr/local/Cellar/gcc/10.1.0 --libdir=/usr/local/Cellar/gcc/10.1.0/lib/gcc/10 --disable-nls --enable-checking=release --enable-languages=c,c++,objc,obj-c++,fortran --program-suffix=-10 --with-gmp=/usr/local/opt/gmp --with-mpfr=/usr/local/opt/mpfr --with-mpc=/usr/local/opt/libmpc --with-isl=/usr/local/opt/isl --with-system-zlib --with-pkgversion='Homebrew GCC 10.1.0' --with-bugurl=https://github.com/Homebrew/homebrew-core/issues --disable-multilib --with-native-system-header-dir=/usr/include --with-sysroot=/Library/Developer/CommandLineTools/SDKs/MacOSX10.15.sdk SED=/usr/bin/sed
Thread model: posix
Supported LTO compression algorithms: zlib
gcc version 10.1.0 (Homebrew GCC 10.1.0) 
COMPILER_PATH=/usr/local/Cellar/gcc/10.1.0/libexec/gcc/x86_64-apple-darwin19/10.1.0/:/usr/local/Cellar/gcc/10.1.0/libexec/gcc/x86_64-apple-darwin19/10.1.0/:/usr/local/Cellar/gcc/10.1.0/libexec/gcc/x86_64-apple-darwin19/:/usr/local/Cellar/gcc/10.1.0/lib/gcc/10/gcc/x86_64-apple-darwin19/10.1.0/:/usr/local/Cellar/gcc/10.1.0/lib/gcc/10/gcc/x86_64-apple-darwin19/
LIBRARY_PATH=/usr/local/Cellar/gcc/10.1.0/lib/gcc/10/gcc/x86_64-apple-darwin19/10.1.0/:/usr/local/Cellar/gcc/10.1.0/lib/gcc/10/gcc/x86_64-apple-darwin19/10.1.0/../../../
COLLECT_GCC_OPTIONS='-isysroot' '/Applications/Xcode.app/Contents/Developer/Platforms/MacOSX.platform/Developer/SDKs/MacOSX10.15.sdk' '-L/usr/local/opt/ruby/lib' '-v' '-o' 'cmTC_113e3' '-mmacosx-version-min=10.15.0' '-asm_macosx_version_min=10.15' '-shared-libgcc' '-mtune=core2'
 /usr/local/Cellar/gcc/10.1.0/libexec/gcc/x86_64-apple-darwin19/10.1.0/collect2 -dynamic -arch x86_64 -macosx_version_min 10.15.0 -syslibroot /Applications/Xcode.app/Contents/Developer/Platforms/MacOSX.platform/Developer/SDKs/MacOSX10.15.sdk -weak_reference_mismatches non-weak -o cmTC_113e3 -L/usr/local/opt/ruby/lib -L/usr/local/Cellar/gcc/10.1.0/lib/gcc/10/gcc/x86_64-apple-darwin19/10.1.0 -L/usr/local/Cellar/gcc/10.1.0/lib/gcc/10/gcc/x86_64-apple-darwin19/10.1.0/../../.. -search_paths_first -headerpad_max_install_names -v CMakeFiles/cmTC_113e3.dir/CMakeCXXCompilerABI.cpp.o -lstdc++ -lSystem -lgcc_ext.10.5 -lgcc -lSystem -no_compact_unwind -v
collect2 version 10.1.0
/usr/bin/ld -dynamic -arch x86_64 -macosx_version_min 10.15.0 -syslibroot /Applications/Xcode.app/Contents/Developer/Platforms/MacOSX.platform/Developer/SDKs/MacOSX10.15.sdk -weak_reference_mismatches non-weak -o cmTC_113e3 -L/usr/local/opt/ruby/lib -L/usr/local/Cellar/gcc/10.1.0/lib/gcc/10/gcc/x86_64-apple-darwin19/10.1.0 -L/usr/local/Cellar/gcc/10.1.0/lib/gcc/10/gcc/x86_64-apple-darwin19/10.1.0/../../.. -search_paths_first -headerpad_max_install_names -v CMakeFiles/cmTC_113e3.dir/CMakeCXXCompilerABI.cpp.o -lstdc++ -lSystem -lgcc_ext.10.5 -lgcc -lSystem -no_compact_unwind -v
@(#)PROGRAM:ld  PROJECT:ld64-556.6
BUILD 13:10:29 Apr  7 2020
configured to support archs: armv6 armv7 armv7s arm64 arm64e arm64_32 i386 x86_64 x86_64h armv6m armv7k armv7m armv7em
@(#)PROGRAM:ld  PROJECT:ld64-556.6
BUILD 13:10:29 Apr  7 2020
configured to support archs: armv6 armv7 armv7s arm64 arm64e arm64_32 i386 x86_64 x86_64h armv6m armv7k armv7m armv7em
Library search paths:
	/usr/local/opt/ruby/lib
	/usr/local/Cellar/gcc/10.1.0/lib/gcc/10/gcc/x86_64-apple-darwin19/10.1.0
	/usr/local/Cellar/gcc/10.1.0/lib/gcc/10
	/Applications/Xcode.app/Contents/Developer/Platforms/MacOSX.platform/Developer/SDKs/MacOSX10.15.sdk/usr/lib
Framework search paths:
	/Applications/Xcode.app/Contents/Developer/Platforms/MacOSX.platform/Developer/SDKs/MacOSX10.15.sdk/System/Library/Frameworks/



Parsed CXX implicit include dir info from above output: rv=done
  found start of include info
  found start of implicit include info
    add: [/usr/local/Cellar/gcc/10.1.0/lib/gcc/10/gcc/x86_64-apple-darwin19/10.1.0/../../../../../../include/c++/10.1.0]
    add: [/usr/local/Cellar/gcc/10.1.0/lib/gcc/10/gcc/x86_64-apple-darwin19/10.1.0/../../../../../../include/c++/10.1.0/x86_64-apple-darwin19]
    add: [/usr/local/Cellar/gcc/10.1.0/lib/gcc/10/gcc/x86_64-apple-darwin19/10.1.0/../../../../../../include/c++/10.1.0/backward]
    add: [/usr/local/Cellar/gcc/10.1.0/lib/gcc/10/gcc/x86_64-apple-darwin19/10.1.0/include]
    add: [/usr/local/Cellar/gcc/10.1.0/lib/gcc/10/gcc/x86_64-apple-darwin19/10.1.0/include-fixed]
    add: [/Applications/Xcode.app/Contents/Developer/Platforms/MacOSX.platform/Developer/SDKs/MacOSX10.15.sdk/usr/include]
    add: [/Applications/Xcode.app/Contents/Developer/Platforms/MacOSX.platform/Developer/SDKs/MacOSX10.15.sdk/System/Library/Frameworks]
  end of search list found
  collapse include dir [/usr/local/Cellar/gcc/10.1.0/lib/gcc/10/gcc/x86_64-apple-darwin19/10.1.0/../../../../../../include/c++/10.1.0] ==> [/usr/local/Cellar/gcc/10.1.0/include/c++/10.1.0]
  collapse include dir [/usr/local/Cellar/gcc/10.1.0/lib/gcc/10/gcc/x86_64-apple-darwin19/10.1.0/../../../../../../include/c++/10.1.0/x86_64-apple-darwin19] ==> [/usr/local/Cellar/gcc/10.1.0/include/c++/10.1.0/x86_64-apple-darwin19]
  collapse include dir [/usr/local/Cellar/gcc/10.1.0/lib/gcc/10/gcc/x86_64-apple-darwin19/10.1.0/../../../../../../include/c++/10.1.0/backward] ==> [/usr/local/Cellar/gcc/10.1.0/include/c++/10.1.0/backward]
  collapse include dir [/usr/local/Cellar/gcc/10.1.0/lib/gcc/10/gcc/x86_64-apple-darwin19/10.1.0/include] ==> [/usr/local/Cellar/gcc/10.1.0/lib/gcc/10/gcc/x86_64-apple-darwin19/10.1.0/include]
  collapse include dir [/usr/local/Cellar/gcc/10.1.0/lib/gcc/10/gcc/x86_64-apple-darwin19/10.1.0/include-fixed] ==> [/usr/local/Cellar/gcc/10.1.0/lib/gcc/10/gcc/x86_64-apple-darwin19/10.1.0/include-fixed]
  collapse include dir [/Applications/Xcode.app/Contents/Developer/Platforms/MacOSX.platform/Developer/SDKs/MacOSX10.15.sdk/usr/include] ==> [/Applications/Xcode.app/Contents/Developer/Platforms/MacOSX.platform/Developer/SDKs/MacOSX10.15.sdk/usr/include]
  collapse include dir [/Applications/Xcode.app/Contents/Developer/Platforms/MacOSX.platform/Developer/SDKs/MacOSX10.15.sdk/System/Library/Frameworks] ==> [/Applications/Xcode.app/Contents/Developer/Platforms/MacOSX.platform/Developer/SDKs/MacOSX10.15.sdk/System/Library/Frameworks]
  implicit include dirs: [/usr/local/Cellar/gcc/10.1.0/include/c++/10.1.0;/usr/local/Cellar/gcc/10.1.0/include/c++/10.1.0/x86_64-apple-darwin19;/usr/local/Cellar/gcc/10.1.0/include/c++/10.1.0/backward;/usr/local/Cellar/gcc/10.1.0/lib/gcc/10/gcc/x86_64-apple-darwin19/10.1.0/include;/usr/local/Cellar/gcc/10.1.0/lib/gcc/10/gcc/x86_64-apple-darwin19/10.1.0/include-fixed;/Applications/Xcode.app/Contents/Developer/Platforms/MacOSX.platform/Developer/SDKs/MacOSX10.15.sdk/usr/include;/Applications/Xcode.app/Contents/Developer/Platforms/MacOSX.platform/Developer/SDKs/MacOSX10.15.sdk/System/Library/Frameworks]


Parsed CXX implicit link information from above output:
  link line regex: [^( *|.*[/\])(ld|CMAKE_LINK_STARTFILE-NOTFOUND|([^/\]+-)?ld|collect2)[^/\]*( |$)]
  ignore line: [Change Dir: /Users/ethan/Dropbox/dotfiles/Projects/algorithm/leetcode/array/0.9/1480-running-sum-of-1d-array/cmake-build-debug/CMakeFiles/CMakeTmp]
  ignore line: []
  ignore line: [Run Build Command(s):/usr/bin/make cmTC_113e3/fast && /Applications/Xcode.app/Contents/Developer/usr/bin/make -f CMakeFiles/cmTC_113e3.dir/build.make CMakeFiles/cmTC_113e3.dir/build]
  ignore line: [Building CXX object CMakeFiles/cmTC_113e3.dir/CMakeCXXCompilerABI.cpp.o]
  ignore line: [/usr/local/bin/g++-10    -isysroot /Applications/Xcode.app/Contents/Developer/Platforms/MacOSX.platform/Developer/SDKs/MacOSX10.15.sdk   -v -Wl -v -o CMakeFiles/cmTC_113e3.dir/CMakeCXXCompilerABI.cpp.o -c /Applications/CLion.app/Contents/bin/cmake/mac/share/cmake-3.16/Modules/CMakeCXXCompilerABI.cpp]
  ignore line: [Using built-in specs.]
  ignore line: [COLLECT_GCC=/usr/local/bin/g++-10]
  ignore line: [Target: x86_64-apple-darwin19]
  ignore line: [Configured with: ../configure --build=x86_64-apple-darwin19 --prefix=/usr/local/Cellar/gcc/10.1.0 --libdir=/usr/local/Cellar/gcc/10.1.0/lib/gcc/10 --disable-nls --enable-checking=release --enable-languages=c c++ objc obj-c++ fortran --program-suffix=-10 --with-gmp=/usr/local/opt/gmp --with-mpfr=/usr/local/opt/mpfr --with-mpc=/usr/local/opt/libmpc --with-isl=/usr/local/opt/isl --with-system-zlib --with-pkgversion='Homebrew GCC 10.1.0' --with-bugurl=https://github.com/Homebrew/homebrew-core/issues --disable-multilib --with-native-system-header-dir=/usr/include --with-sysroot=/Library/Developer/CommandLineTools/SDKs/MacOSX10.15.sdk SED=/usr/bin/sed]
  ignore line: [Thread model: posix]
  ignore line: [Supported LTO compression algorithms: zlib]
  ignore line: [gcc version 10.1.0 (Homebrew GCC 10.1.0) ]
  ignore line: [COLLECT_GCC_OPTIONS='-isysroot' '/Applications/Xcode.app/Contents/Developer/Platforms/MacOSX.platform/Developer/SDKs/MacOSX10.15.sdk' '-v' '-o' 'CMakeFiles/cmTC_113e3.dir/CMakeCXXCompilerABI.cpp.o' '-c' '-mmacosx-version-min=10.15.0' '-asm_macosx_version_min=10.15' '-shared-libgcc' '-mtune=core2']
  ignore line: [ /usr/local/Cellar/gcc/10.1.0/libexec/gcc/x86_64-apple-darwin19/10.1.0/cc1plus -quiet -v -D__DYNAMIC__ -isysroot /Applications/Xcode.app/Contents/Developer/Platforms/MacOSX.platform/Developer/SDKs/MacOSX10.15.sdk /Applications/CLion.app/Contents/bin/cmake/mac/share/cmake-3.16/Modules/CMakeCXXCompilerABI.cpp -fPIC -quiet -dumpbase CMakeCXXCompilerABI.cpp -mmacosx-version-min=10.15.0 -mtune=core2 -auxbase-strip CMakeFiles/cmTC_113e3.dir/CMakeCXXCompilerABI.cpp.o -version -o /var/folders/g5/dkxpcd4j0cz9jsqz208s45qh0000gn/T//ccvRc8LO.s]
  ignore line: [GNU C++14 (Homebrew GCC 10.1.0) version 10.1.0 (x86_64-apple-darwin19)]
  ignore line: [	compiled by GNU C version 10.1.0  GMP version 6.2.0  MPFR version 4.0.2  MPC version 1.1.0  isl version isl-0.22.1-GMP]
  ignore line: []
  ignore line: [GGC heuristics: --param ggc-min-expand=100 --param ggc-min-heapsize=131072]
  ignore line: [ignoring nonexistent directory "/Applications/Xcode.app/Contents/Developer/Platforms/MacOSX.platform/Developer/SDKs/MacOSX10.15.sdk/usr/local/include"]
  ignore line: [ignoring nonexistent directory "/usr/local/Cellar/gcc/10.1.0/lib/gcc/10/gcc/x86_64-apple-darwin19/10.1.0/../../../../../../x86_64-apple-darwin19/include"]
  ignore line: [ignoring nonexistent directory "/Applications/Xcode.app/Contents/Developer/Platforms/MacOSX.platform/Developer/SDKs/MacOSX10.15.sdk/Library/Frameworks"]
  ignore line: [#include "..." search starts here:]
  ignore line: [#include <...> search starts here:]
  ignore line: [ /usr/local/Cellar/gcc/10.1.0/lib/gcc/10/gcc/x86_64-apple-darwin19/10.1.0/../../../../../../include/c++/10.1.0]
  ignore line: [ /usr/local/Cellar/gcc/10.1.0/lib/gcc/10/gcc/x86_64-apple-darwin19/10.1.0/../../../../../../include/c++/10.1.0/x86_64-apple-darwin19]
  ignore line: [ /usr/local/Cellar/gcc/10.1.0/lib/gcc/10/gcc/x86_64-apple-darwin19/10.1.0/../../../../../../include/c++/10.1.0/backward]
  ignore line: [ /usr/local/Cellar/gcc/10.1.0/lib/gcc/10/gcc/x86_64-apple-darwin19/10.1.0/include]
  ignore line: [ /usr/local/Cellar/gcc/10.1.0/lib/gcc/10/gcc/x86_64-apple-darwin19/10.1.0/include-fixed]
  ignore line: [ /Applications/Xcode.app/Contents/Developer/Platforms/MacOSX.platform/Developer/SDKs/MacOSX10.15.sdk/usr/include]
  ignore line: [ /Applications/Xcode.app/Contents/Developer/Platforms/MacOSX.platform/Developer/SDKs/MacOSX10.15.sdk/System/Library/Frameworks]
  ignore line: [End of search list.]
  ignore line: [GNU C++14 (Homebrew GCC 10.1.0) version 10.1.0 (x86_64-apple-darwin19)]
  ignore line: [	compiled by GNU C version 10.1.0  GMP version 6.2.0  MPFR version 4.0.2  MPC version 1.1.0  isl version isl-0.22.1-GMP]
  ignore line: []
  ignore line: [GGC heuristics: --param ggc-min-expand=100 --param ggc-min-heapsize=131072]
  ignore line: [Compiler executable checksum: 8ddfa74da8aded4c8d6c425ad77563e5]
  ignore line: [COLLECT_GCC_OPTIONS='-isysroot' '/Applications/Xcode.app/Contents/Developer/Platforms/MacOSX.platform/Developer/SDKs/MacOSX10.15.sdk' '-v' '-o' 'CMakeFiles/cmTC_113e3.dir/CMakeCXXCompilerABI.cpp.o' '-c' '-mmacosx-version-min=10.15.0'  '-shared-libgcc' '-mtune=core2']
  ignore line: [ as -arch x86_64 -v -force_cpusubtype_ALL -mmacosx-version-min=10.15 -o CMakeFiles/cmTC_113e3.dir/CMakeCXXCompilerABI.cpp.o /var/folders/g5/dkxpcd4j0cz9jsqz208s45qh0000gn/T//ccvRc8LO.s]
  ignore line: [Apple clang version 11.0.3 (clang-1103.0.32.59)]
  ignore line: [Target: x86_64-apple-darwin19.4.0]
  ignore line: [Thread model: posix]
  ignore line: [InstalledDir: /Applications/Xcode.app/Contents/Developer/Toolchains/XcodeDefault.xctoolchain/usr/bin]
  ignore line: [ "/Applications/Xcode.app/Contents/Developer/Toolchains/XcodeDefault.xctoolchain/usr/bin/clang" -cc1as -triple x86_64-apple-macosx10.15.0 -filetype obj -main-file-name ccvRc8LO.s -target-cpu penryn -fdebug-compilation-dir /Users/ethan/Dropbox/dotfiles/Projects/algorithm/leetcode/array/0.9/1480-running-sum-of-1d-array/cmake-build-debug/CMakeFiles/CMakeTmp -dwarf-debug-producer "Apple clang version 11.0.3 (clang-1103.0.32.59)" -dwarf-version=4 -mrelocation-model pic -o CMakeFiles/cmTC_113e3.dir/CMakeCXXCompilerABI.cpp.o /var/folders/g5/dkxpcd4j0cz9jsqz208s45qh0000gn/T//ccvRc8LO.s]
  ignore line: [COMPILER_PATH=/usr/local/Cellar/gcc/10.1.0/libexec/gcc/x86_64-apple-darwin19/10.1.0/:/usr/local/Cellar/gcc/10.1.0/libexec/gcc/x86_64-apple-darwin19/10.1.0/:/usr/local/Cellar/gcc/10.1.0/libexec/gcc/x86_64-apple-darwin19/:/usr/local/Cellar/gcc/10.1.0/lib/gcc/10/gcc/x86_64-apple-darwin19/10.1.0/:/usr/local/Cellar/gcc/10.1.0/lib/gcc/10/gcc/x86_64-apple-darwin19/]
  ignore line: [LIBRARY_PATH=/usr/local/Cellar/gcc/10.1.0/lib/gcc/10/gcc/x86_64-apple-darwin19/10.1.0/:/usr/local/Cellar/gcc/10.1.0/lib/gcc/10/gcc/x86_64-apple-darwin19/10.1.0/../../../]
  ignore line: [COLLECT_GCC_OPTIONS='-isysroot' '/Applications/Xcode.app/Contents/Developer/Platforms/MacOSX.platform/Developer/SDKs/MacOSX10.15.sdk' '-v' '-o' 'CMakeFiles/cmTC_113e3.dir/CMakeCXXCompilerABI.cpp.o' '-c' '-mmacosx-version-min=10.15.0'  '-shared-libgcc' '-mtune=core2']
  ignore line: [Linking CXX executable cmTC_113e3]
  ignore line: [/Applications/CLion.app/Contents/bin/cmake/mac/bin/cmake -E cmake_link_script CMakeFiles/cmTC_113e3.dir/link.txt --verbose=1]
  ignore line: [/usr/local/bin/g++-10    -isysroot /Applications/Xcode.app/Contents/Developer/Platforms/MacOSX.platform/Developer/SDKs/MacOSX10.15.sdk -Wl -search_paths_first -Wl -headerpad_max_install_names -L/usr/local/opt/ruby/lib -v -Wl -v CMakeFiles/cmTC_113e3.dir/CMakeCXXCompilerABI.cpp.o  -o cmTC_113e3 ]
  ignore line: [Using built-in specs.]
  ignore line: [COLLECT_GCC=/usr/local/bin/g++-10]
  ignore line: [COLLECT_LTO_WRAPPER=/usr/local/Cellar/gcc/10.1.0/libexec/gcc/x86_64-apple-darwin19/10.1.0/lto-wrapper]
  ignore line: [Target: x86_64-apple-darwin19]
  ignore line: [Configured with: ../configure --build=x86_64-apple-darwin19 --prefix=/usr/local/Cellar/gcc/10.1.0 --libdir=/usr/local/Cellar/gcc/10.1.0/lib/gcc/10 --disable-nls --enable-checking=release --enable-languages=c c++ objc obj-c++ fortran --program-suffix=-10 --with-gmp=/usr/local/opt/gmp --with-mpfr=/usr/local/opt/mpfr --with-mpc=/usr/local/opt/libmpc --with-isl=/usr/local/opt/isl --with-system-zlib --with-pkgversion='Homebrew GCC 10.1.0' --with-bugurl=https://github.com/Homebrew/homebrew-core/issues --disable-multilib --with-native-system-header-dir=/usr/include --with-sysroot=/Library/Developer/CommandLineTools/SDKs/MacOSX10.15.sdk SED=/usr/bin/sed]
  ignore line: [Thread model: posix]
  ignore line: [Supported LTO compression algorithms: zlib]
  ignore line: [gcc version 10.1.0 (Homebrew GCC 10.1.0) ]
  ignore line: [COMPILER_PATH=/usr/local/Cellar/gcc/10.1.0/libexec/gcc/x86_64-apple-darwin19/10.1.0/:/usr/local/Cellar/gcc/10.1.0/libexec/gcc/x86_64-apple-darwin19/10.1.0/:/usr/local/Cellar/gcc/10.1.0/libexec/gcc/x86_64-apple-darwin19/:/usr/local/Cellar/gcc/10.1.0/lib/gcc/10/gcc/x86_64-apple-darwin19/10.1.0/:/usr/local/Cellar/gcc/10.1.0/lib/gcc/10/gcc/x86_64-apple-darwin19/]
  ignore line: [LIBRARY_PATH=/usr/local/Cellar/gcc/10.1.0/lib/gcc/10/gcc/x86_64-apple-darwin19/10.1.0/:/usr/local/Cellar/gcc/10.1.0/lib/gcc/10/gcc/x86_64-apple-darwin19/10.1.0/../../../]
  ignore line: [COLLECT_GCC_OPTIONS='-isysroot' '/Applications/Xcode.app/Contents/Developer/Platforms/MacOSX.platform/Developer/SDKs/MacOSX10.15.sdk' '-L/usr/local/opt/ruby/lib' '-v' '-o' 'cmTC_113e3' '-mmacosx-version-min=10.15.0' '-asm_macosx_version_min=10.15' '-shared-libgcc' '-mtune=core2']
  link line: [ /usr/local/Cellar/gcc/10.1.0/libexec/gcc/x86_64-apple-darwin19/10.1.0/collect2 -dynamic -arch x86_64 -macosx_version_min 10.15.0 -syslibroot /Applications/Xcode.app/Contents/Developer/Platforms/MacOSX.platform/Developer/SDKs/MacOSX10.15.sdk -weak_reference_mismatches non-weak -o cmTC_113e3 -L/usr/local/opt/ruby/lib -L/usr/local/Cellar/gcc/10.1.0/lib/gcc/10/gcc/x86_64-apple-darwin19/10.1.0 -L/usr/local/Cellar/gcc/10.1.0/lib/gcc/10/gcc/x86_64-apple-darwin19/10.1.0/../../.. -search_paths_first -headerpad_max_install_names -v CMakeFiles/cmTC_113e3.dir/CMakeCXXCompilerABI.cpp.o -lstdc++ -lSystem -lgcc_ext.10.5 -lgcc -lSystem -no_compact_unwind -v]
    arg [/usr/local/Cellar/gcc/10.1.0/libexec/gcc/x86_64-apple-darwin19/10.1.0/collect2] ==> ignore
    arg [-dynamic] ==> ignore
    arg [-arch] ==> ignore
    arg [x86_64] ==> ignore
    arg [-macosx_version_min] ==> ignore
    arg [10.15.0] ==> ignore
    arg [-syslibroot] ==> ignore
    arg [/Applications/Xcode.app/Contents/Developer/Platforms/MacOSX.platform/Developer/SDKs/MacOSX10.15.sdk] ==> ignore
    arg [-weak_reference_mismatches] ==> ignore
    arg [non-weak] ==> ignore
    arg [-o] ==> ignore
    arg [cmTC_113e3] ==> ignore
    arg [-L/usr/local/opt/ruby/lib] ==> dir [/usr/local/opt/ruby/lib]
    arg [-L/usr/local/Cellar/gcc/10.1.0/lib/gcc/10/gcc/x86_64-apple-darwin19/10.1.0] ==> dir [/usr/local/Cellar/gcc/10.1.0/lib/gcc/10/gcc/x86_64-apple-darwin19/10.1.0]
    arg [-L/usr/local/Cellar/gcc/10.1.0/lib/gcc/10/gcc/x86_64-apple-darwin19/10.1.0/../../..] ==> dir [/usr/local/Cellar/gcc/10.1.0/lib/gcc/10/gcc/x86_64-apple-darwin19/10.1.0/../../..]
    arg [-search_paths_first] ==> ignore
    arg [-headerpad_max_install_names] ==> ignore
    arg [-v] ==> ignore
    arg [CMakeFiles/cmTC_113e3.dir/CMakeCXXCompilerABI.cpp.o] ==> ignore
    arg [-lstdc++] ==> lib [stdc++]
    arg [-lSystem] ==> lib [System]
    arg [-lgcc_ext.10.5] ==> lib [gcc_ext.10.5]
    arg [-lgcc] ==> lib [gcc]
    arg [-lSystem] ==> lib [System]
    arg [-no_compact_unwind] ==> ignore
    arg [-v] ==> ignore
  Library search paths: [;/usr/local/opt/ruby/lib;/usr/local/Cellar/gcc/10.1.0/lib/gcc/10/gcc/x86_64-apple-darwin19/10.1.0;/usr/local/Cellar/gcc/10.1.0/lib/gcc/10;/Applications/Xcode.app/Contents/Developer/Platforms/MacOSX.platform/Developer/SDKs/MacOSX10.15.sdk/usr/lib]
  Framework search paths: [;/Applications/Xcode.app/Contents/Developer/Platforms/MacOSX.platform/Developer/SDKs/MacOSX10.15.sdk/System/Library/Frameworks/]
  remove lib [System]
  remove lib [System]
  collapse library dir [/usr/local/opt/ruby/lib] ==> [/usr/local/opt/ruby/lib]
  collapse library dir [/usr/local/Cellar/gcc/10.1.0/lib/gcc/10/gcc/x86_64-apple-darwin19/10.1.0] ==> [/usr/local/Cellar/gcc/10.1.0/lib/gcc/10/gcc/x86_64-apple-darwin19/10.1.0]
  collapse library dir [/usr/local/Cellar/gcc/10.1.0/lib/gcc/10/gcc/x86_64-apple-darwin19/10.1.0/../../..] ==> [/usr/local/Cellar/gcc/10.1.0/lib/gcc/10]
  collapse library dir [/usr/local/opt/ruby/lib] ==> [/usr/local/opt/ruby/lib]
  collapse library dir [/usr/local/Cellar/gcc/10.1.0/lib/gcc/10/gcc/x86_64-apple-darwin19/10.1.0] ==> [/usr/local/Cellar/gcc/10.1.0/lib/gcc/10/gcc/x86_64-apple-darwin19/10.1.0]
  collapse library dir [/usr/local/Cellar/gcc/10.1.0/lib/gcc/10] ==> [/usr/local/Cellar/gcc/10.1.0/lib/gcc/10]
  collapse library dir [/Applications/Xcode.app/Contents/Developer/Platforms/MacOSX.platform/Developer/SDKs/MacOSX10.15.sdk/usr/lib] ==> [/Applications/Xcode.app/Contents/Developer/Platforms/MacOSX.platform/Developer/SDKs/MacOSX10.15.sdk/usr/lib]
  collapse framework dir [/Applications/Xcode.app/Contents/Developer/Platforms/MacOSX.platform/Developer/SDKs/MacOSX10.15.sdk/System/Library/Frameworks/] ==> [/Applications/Xcode.app/Contents/Developer/Platforms/MacOSX.platform/Developer/SDKs/MacOSX10.15.sdk/System/Library/Frameworks]
  implicit libs: [stdc++;gcc_ext.10.5;gcc]
  implicit dirs: [/usr/local/opt/ruby/lib;/usr/local/Cellar/gcc/10.1.0/lib/gcc/10/gcc/x86_64-apple-darwin19/10.1.0;/usr/local/Cellar/gcc/10.1.0/lib/gcc/10;/Applications/Xcode.app/Contents/Developer/Platforms/MacOSX.platform/Developer/SDKs/MacOSX10.15.sdk/usr/lib]
  implicit fwks: [/Applications/Xcode.app/Contents/Developer/Platforms/MacOSX.platform/Developer/SDKs/MacOSX10.15.sdk/System/Library/Frameworks]


